[14:54:57] [main/INFO]: Setting user: Player883
[14:54:58] [Client thread/INFO]: LWJGL Version: 2.9.1
[14:55:04] [Client thread/INFO]: Reloading ResourceManager: Default, FMLFileResourcePack:Forge Mod Loader, FMLFileResourcePack:Minecraft Forge, FMLFileResourcePack:Food Galore
[14:55:05] [Sound Library Loader/INFO]: Sound engine started
[14:55:07] [Client thread/INFO]: Created: 512x256 textures/blocks-atlas
[14:55:08] [Client thread/INFO]: Created: 256x256 textures/items-atlas
[14:55:08] [Client thread/INFO]: Reloading ResourceManager: Default, FMLFileResourcePack:Forge Mod Loader, FMLFileResourcePack:Minecraft Forge, FMLFileResourcePack:Food Galore
[14:55:08] [Client thread/INFO]: Created: 512x256 textures/blocks-atlas
[14:55:08] [Client thread/INFO]: Created: 256x256 textures/items-atlas
[14:55:09] [Sound Library Loader/INFO]: Sound engine started
[14:55:15] [Server thread/INFO]: Starting integrated minecraft server version 1.7.10
[14:55:15] [Server thread/INFO]: Generating keypair
[14:55:16] [Server thread/INFO]: Preparing start region for level 0
[14:55:17] [Server thread/INFO]: Preparing spawn area: 45%
[14:55:18] [Server thread/INFO]: Changing view distance to 8, from 10
[14:55:18] [Server thread/INFO]: Player883[local:E:4fcba855] logged in with entity id 319 at (-87.57658182725994, 86.0, 259.7747097470756)
[14:55:18] [Server thread/INFO]: Player883 joined the game
[14:57:24] [Client thread/INFO]: Stopping!
[14:57:24] [Server thread/INFO]: Stopping server
[14:57:24] [Server thread/INFO]: Saving players
[14:57:24] [Server thread/INFO]: Saving worlds
[14:57:24] [Server thread/INFO]: Saving chunks for level 'testworld'/Overworld
